embedding shape: 83x20
[[-6.24505319e-02  1.32278681e+00  5.79433283e-03 ... -1.07142138e+00
  -6.72113657e-01 -5.33729851e-01]
 [ 1.11685224e-01  1.73165536e+00  3.89638931e-01 ... -2.95370603e+00
  -1.64366603e+00 -8.28715742e-01]
 [ 1.90600383e+00  2.36687398e+00  1.42573619e+00 ... -7.25848961e+00
  -3.71119165e+00 -1.18796551e+00]
 ...
 [ 2.54612893e-01  2.18582869e-01  1.45262510e-01 ... -1.90264702e+00
  -1.01170802e+00 -5.97824633e-01]
 [ 8.51372182e-02 -5.24573065e-02 -5.61834387e-02 ... -2.56155992e+00
  -1.41994381e+00 -7.68755972e-01]
 [ 5.95788121e-01  2.06273675e-01  9.38131273e-01 ... -3.07849407e+00
  -1.63619161e+00 -1.06024396e+00]]embedding shape: 83x20
[[ 2.6780806   3.9168887   6.8519883  ... 10.870796    4.4901085
  -2.099471  ]
 [ 0.6604428   1.751068    3.8086982  ... -0.02047282  0.47412685
  -1.2924476 ]
 [ 2.2699122   0.31877035 -0.02427148 ...  0.9420516   0.10576461
  -0.63605744]
 ...
 [ 0.20478317  0.15954119  0.7440284  ... -0.8195181  -0.23050824
  -1.5766592 ]
 [ 0.10049023  0.9077122   1.5938396  ...  0.50009185  0.09522132
  -1.6208384 ]
 [ 0.05917003  0.04762273  0.22042602 ... -0.33567208  0.06505729
  -0.8129081 ]]embedding shape: 83x20
[[ 3.8097909e-01  1.6233757e+01  1.9248398e-01 ... -3.9290886e+00
   8.9671183e+00 -5.4828506e+00]
 [ 4.9986276e-01  1.4835712e+00  5.7295706e-02 ... -7.2091401e-01
  -7.7343345e-01 -2.4758921e+00]
 [ 1.4837328e-02  1.1016847e+00  2.1281272e-02 ... -1.0041879e+00
   1.1352111e-01 -9.2892748e-01]
 ...
 [-3.8557868e-02  4.9276727e-01  1.6370209e-02 ... -6.6599023e-01
  -3.8187689e-01 -7.1455961e-01]
 [-6.5548375e-02  6.7186052e-01  2.7829356e-02 ...  1.8719895e-01
  -6.4326864e-01 -1.1689947e+00]
 [ 5.7935780e-01 -1.3716061e-01  1.0282742e-01 ... -4.6347135e-01
   4.7058113e-02 -4.2873579e-01]]embedding shape: 1x20
[[nan nan nan nan nan nan nan nan nan nan nan nan nan nan nan nan nan nan
  nan nan]]embedding shape: 83x20
[[ 1.0011096e+01  2.0342859e+01  9.8646774e+00 ... -2.7193604e+00
  -3.5167379e+00  2.4112858e+01]
 [ 3.0693877e+00  1.6704656e+00  1.3325242e+00 ... -1.2476438e+00
  -1.5535164e+00 -2.6905582e+00]
 [ 4.9166811e-01  1.9333004e+00  2.5561133e-01 ... -5.2017200e-01
   1.2258773e+00 -3.5206601e-03]
 ...
 [ 1.2761819e+00  1.6001031e+00  8.9870179e-01 ... -3.8334355e-01
  -4.5671880e-01 -5.2174592e-01]
 [ 4.9018580e-01  1.7913042e+00  1.9122978e+00 ... -6.8222564e-01
  -7.7642196e-01  4.5642810e+00]
 [ 5.6971139e-01  9.1842473e-01  6.7374080e-02 ... -2.4078555e-01
  -2.7192718e-01 -2.2948623e-01]]embedding shape: 83x20
[[ 1.7298676e+00  7.5697884e-02  7.0595512e+00 ... -1.3348519e-02
  -1.1900785e+01 -4.7563796e+00]
 [ 3.4638209e+00  7.9182297e-01  2.6660831e+00 ... -6.0675116e-03
   4.9963912e-01 -4.1504021e+00]
 [-7.4061297e-02  1.4187036e-01  3.0570331e-01 ... -2.2536481e-03
  -2.0908034e+00 -6.3633662e-01]
 ...
 [ 2.7532703e-01  2.6022289e-03  8.2732183e-01 ...  2.8749928e-04
  -1.6083366e+00 -1.0334734e+00]
 [ 1.5152781e+00  8.7331694e-01  1.9327418e+00 ... -2.9470783e-03
   3.4694186e-01 -2.6035645e+00]
 [ 9.6243154e-03 -3.5455685e-02  4.0841717e-01 ... -1.0401453e-03
  -1.0021149e+00  5.5395871e-01]]embedding shape: 83x20
[[ 1.1872991e+01  2.8005681e+00  2.7936513e+00 ...  1.2193246e+01
   2.6882665e+00 -2.1368776e+01]
 [ 3.0045283e+00  1.0698102e+00  2.5567131e+00 ...  2.3045719e+00
  -2.2093644e+00 -9.8606853e+00]
 [-1.7948529e-01  4.6428204e-01  1.5205202e-01 ... -1.4541620e+00
  -7.7314413e-01 -3.7925708e+00]
 ...
 [ 3.0719191e-01  1.1884590e-01 -6.5899491e-02 ... -1.4197569e+00
  -9.5994872e-01 -3.1429722e+00]
 [ 1.4475009e+00  1.5514427e+00  2.0282187e-01 ...  4.1666989e+00
   9.7716218e-01 -5.5659475e+00]
 [ 7.9493016e-01  1.1810178e-02  2.1316172e-01 ... -7.3670119e-01
  -2.7362794e-01 -1.9913685e+00]]embedding shape: 83x20
[[ 9.0386515e+00  1.6613062e-01  1.2154060e-01 ...  1.5145870e+00
   5.7426977e+00 -5.9113417e+00]
 [ 8.1337386e-01 -6.4664721e-02  5.3143587e-02 ... -2.1026535e+00
  -3.5703523e+00 -6.6536860e+00]
 [-9.9079408e-02 -3.3515930e-02  1.9739050e-02 ... -7.9993320e-01
  -2.4949530e-01 -2.3789575e+00]
 ...
 [ 2.5347027e-01 -2.5781486e-02  1.5183884e-02 ... -8.0418885e-01
  -1.1992718e+00 -2.0888960e+00]
 [ 1.8143531e+00 -4.3828517e-02  2.5812607e-02 ... -1.3546133e+00
   1.1782122e+00 -3.5030620e+00]
 [ 2.5461223e-03 -1.5468892e-02  9.1103306e-03 ... -4.9083740e-01
  -9.8865235e-01 -1.2639769e+00]]embedding shape: 83x20
[[  3.4845738    0.9670552    2.5182822  ...  -2.4560955   -2.6762962
   -1.1701205 ]
 [  1.0418757    0.25629786   0.23669672 ...  -3.329512    -4.764879
    0.85138303]
 [  9.962864     1.8743852    3.1769466  ... -12.8566065  -12.928362
   19.277     ]
 ...
 [  0.4548452    0.36559656   0.31941542 ...  -0.9647582   -1.3353155
   -0.50175285]
 [  0.75518554   0.69183487   0.12348519 ...  -1.8828089   -2.7548914
   -0.5067016 ]
 [  1.0985775    0.37249345   0.66947854 ...  -2.411701    -2.814598
   -0.95897496]]embedding shape: 83x20
[[-4.3693297e-03  9.6649122e-01  2.2248590e+00 ... -5.8487587e+00
  -9.7484112e+00  1.1634456e+00]
 [ 2.5068885e-01  2.6653877e-01  7.2346616e-01 ... -2.4411752e+00
  -4.8266969e+00 -2.6069264e+00]
 [-3.6871601e-03  2.1308856e-01  1.3748100e-01 ... -9.8745334e-01
  -1.0612593e+00 -1.0778797e+00]
 ...
 [ 2.1272168e-02 -2.1301640e-02  1.4277491e-01 ... -7.5957948e-01
  -9.7712624e-01 -1.8894520e-01]
 [-4.6503931e-02  7.5134590e-02  1.3442767e+00 ... -1.2912849e+00
  -2.4900899e+00  1.1406351e+00]
 [ 4.9129874e-03 -1.2780985e-02  1.0823183e-01 ... -4.5574766e-01
  -9.2941058e-01 -1.4530283e-01]]