embedding: 
[[ 6.2430343e-03  7.3181633e-03  6.2385891e-03 -5.9893546e-03
  -6.6310400e-03 -3.5384144e-03 -3.3466427e-03  3.5981012e-03
  -5.2080760e-03 -6.6076084e-03 -3.6130277e-03  7.5889812e-03
  -3.6408673e-03  1.1717358e-03  6.8718060e-03  3.3858710e-03
  -7.5932115e-04  7.2922511e-03 -4.6479227e-03  4.3200129e-03
   3.1516545e-03 -2.7502363e-03 -7.2927983e-04 -6.8824938e-03
   4.1198047e-05 -2.0741329e-03  7.7470769e-03 -3.6887254e-03
  -5.2810102e-03  8.7783078e-04 -6.1103418e-03 -6.2259762e-03
  -5.1241387e-03 -4.7650468e-03 -3.3985055e-03 -1.5347187e-03
  -1.9407211e-03  4.5074397e-03  5.3413846e-03 -3.5445818e-03
  -4.9579525e-03  6.0979935e-04 -3.5242976e-03  2.0192783e-05
   5.6091207e-03  3.0360390e-03 -4.2289086e-03 -1.0027806e-03
   1.4299215e-04 -6.3173319e-03  7.7079698e-03  6.4994609e-03
  -2.3311335e-05  4.5723892e-03  3.5222673e-03  6.7694173e-03
   2.8531866e-03 -7.2538159e-03 -1.9161537e-03  2.8041285e-03
  -4.4767192e-04  3.8312825e-03  2.7558315e-03  3.4588387e-03
   4.3327264e-03  4.5094951e-03 -3.9021454e-03  3.6189498e-03
   7.6486086e-03  8.4958121e-04 -6.0369675e-03 -6.7108758e-03
   2.7107080e-03  2.8038684e-03 -5.4541826e-03  1.0109529e-04
  -4.0956633e-03 -4.4583892e-03 -4.2103995e-03 -3.4583160e-03
  -7.5698574e-03 -2.8571540e-03 -3.1691443e-03 -2.4853654e-03
  -3.7228926e-03  5.2596387e-03  3.9083725e-03 -4.7450890e-03
   7.3330029e-04 -1.2288109e-03  4.3673622e-03 -2.0157769e-03
  -1.1373908e-04  7.0537813e-03  6.1302877e-04  6.5677813e-03
  -2.7943461e-03 -1.9646967e-04 -5.7501078e-04 -3.0116672e-03
  -1.6826406e-03 -5.7051228e-03  3.4866217e-03  6.8643680e-03
   7.3277694e-03  7.0266826e-03  7.0670261e-03 -6.0784742e-03
  -4.9063619e-03 -5.1743346e-03 -2.0884855e-03 -4.8315288e-03
  -1.1976383e-03 -2.9431700e-03  4.1988245e-03  5.0003435e-03
  -2.1613694e-03  6.4836354e-03  3.4403668e-03 -4.8690895e-03
   2.1385623e-03  2.7413073e-03  1.1961391e-03  7.2343973e-03
  -1.1797171e-03  4.9595982e-03  2.9660638e-03  5.0771600e-03]
 [ 1.8308287e-03  7.6988912e-03 -2.3645309e-03 -7.6403411e-04
   4.8363684e-03 -2.0909251e-03 -5.3113681e-04  1.9251178e-04
  -7.2121252e-03  9.7447203e-04  2.7467173e-03 -7.6753093e-04
  -3.6681976e-04 -7.4058766e-03 -2.2268707e-04 -1.1960695e-03
  -1.5935706e-03 -2.3966269e-03  2.7478434e-04  3.6781700e-03
  -5.9302398e-03  1.7237662e-03  4.2248275e-03 -4.0874560e-03
  -5.8725812e-03 -4.1830270e-03 -6.9575855e-03 -5.3439923e-03
   3.3474541e-03 -3.4591295e-03 -6.6457270e-04 -7.2649755e-03
   5.5170832e-03  1.3103253e-03 -2.8151437e-03 -5.3953766e-03
  -3.1174170e-03  9.3818083e-04  7.7090194e-03  4.1715894e-03
  -6.4241211e-04  5.9105936e-03  7.6791868e-03 -3.3960503e-03
   4.9899966e-03  6.7524668e-03 -3.2272656e-04 -7.7900698e-04
  -5.5284367e-04 -4.9977708e-03 -1.4713919e-03  9.3728001e-04
   7.8117759e-03 -4.6072174e-03  7.2881635e-03 -7.0545130e-04
  -2.6616002e-03 -1.6664165e-03  1.5216435e-03  7.4423598e-03
   2.7340059e-03  7.1157981e-04  1.4055147e-03 -1.0865598e-04
   5.6315078e-03 -2.2417663e-03 -5.2184332e-03  4.4315718e-03
   3.2760201e-03 -6.6278232e-03 -1.2807978e-03  7.6924819e-03
   5.3665098e-03 -1.0775212e-03  4.5269141e-03 -6.1727613e-03
   2.0848371e-03 -2.6372210e-03 -5.4242960e-03  5.6922790e-03
   7.1444400e-03  2.2841177e-03  7.3744929e-03 -3.8593567e-03
  -2.1824082e-03 -3.0173548e-03  1.9853974e-03 -3.1279225e-03
   4.1145803e-03 -5.1982291e-03 -2.0565528e-03  7.0916875e-03
   2.7572608e-03 -5.8854916e-03  5.0035859e-03  1.8837178e-03
   6.2377774e-03  4.9348506e-03  7.3524918e-03 -7.3367725e-03
   6.4345701e-03  3.2001265e-04 -9.5839798e-04 -6.3489811e-03
   7.5806035e-03 -5.4123187e-03  6.4730616e-03  5.4699639e-03
   7.4925316e-03  5.0665918e-03 -3.7169692e-03 -3.7053456e-03
   1.9224420e-04 -2.1402680e-03 -4.3043564e-03 -5.0544981e-03
   2.8236832e-03  7.5349598e-03 -2.1784380e-03  2.3580601e-03
   2.7692383e-03  6.9880397e-03  1.7078281e-03  3.6992154e-03
  -6.2663532e-03 -3.7454721e-03  3.8902762e-03 -8.9442916e-04]
 [ 5.9161470e-03 -9.5410983e-04 -6.6907671e-03  7.5618196e-03
   6.7389528e-03 -5.4861372e-03  2.4249176e-03 -5.5934531e-03
  -5.3338064e-03  1.2800306e-03 -5.0252476e-03 -5.1944992e-03
   2.7402013e-03 -3.2962844e-04  5.3331321e-03 -1.8002645e-03
   7.8136092e-03  5.0716434e-04 -1.8495461e-03 -5.3533171e-03
  -2.9169107e-03 -1.5742687e-03  5.5285743e-03 -7.3691434e-03
  -5.5233890e-04  1.1768675e-03  3.5549202e-03 -3.9118822e-03
   6.7096384e-04  1.6114052e-03  1.3721419e-03  4.1010720e-03
   4.1204705e-03 -2.3638324e-03 -4.0729193e-04  5.7114884e-03
   1.4042167e-03  2.5739949e-04 -2.5797862e-04 -5.5868393e-03
  -2.6668215e-04  3.2447872e-03  6.4014448e-03 -2.4455579e-04
   2.5411963e-03 -1.7555405e-03  5.1781954e-03  3.8641731e-03
  -6.8731424e-03  7.3406366e-03  7.6742014e-03 -3.1764582e-03
  -4.4896505e-03 -1.6501896e-03 -1.1858050e-03  7.1571060e-03
  -3.2069627e-03  7.0901560e-03 -6.1725881e-03 -4.2022029e-03
  -2.9915066e-03 -4.9467282e-03 -5.1974959e-04  4.4050734e-03
   2.3542012e-03 -5.9728133e-03 -4.3998621e-03 -6.1467076e-03
   6.4907470e-03 -1.6301565e-03 -7.4359449e-03  1.0438035e-03
  -7.2649117e-03  5.3353803e-03 -1.0971237e-03 -7.0839035e-03
   1.6480823e-03  2.7128544e-03  7.0813834e-03  1.3079019e-03
  -5.6773177e-03 -6.7763501e-03 -6.2865578e-03 -1.4995736e-03
   1.5015683e-04  7.1364171e-03  6.2191505e-03 -4.6622367e-03
  -2.6859397e-03 -6.8223015e-03 -5.1560295e-03 -9.0588309e-04
   6.5930579e-03 -3.8966688e-03 -6.7577381e-03  6.9102831e-03
   5.8665550e-03 -4.9888878e-03 -6.5194862e-04 -7.2294478e-03
  -2.1913836e-03 -4.6401536e-03 -2.2786425e-03 -3.6842776e-03
  -7.5550857e-03 -2.2876833e-03  3.2148960e-03 -4.1524516e-03
   2.4396263e-03 -4.2885710e-03 -1.1105773e-03  1.7660134e-03
   1.5960926e-03  1.6511871e-03  6.9862981e-03  2.3181181e-05
  -7.7453949e-03 -7.6967194e-03  2.4339489e-03  3.0204279e-03
  -7.6988689e-03 -4.3635760e-03 -5.5793566e-03 -3.3200535e-03
   6.1263600e-03 -4.6801632e-03 -7.5794761e-03  7.2550839e-03]]embedding: 
[[ 6.24114834e-03  7.31595187e-03  6.23670407e-03 -5.98754501e-03
  -6.62903674e-03 -3.53734544e-03 -3.34563153e-03  3.59701412e-03
  -5.20650251e-03 -6.60561211e-03 -3.61193600e-03  7.58668827e-03
  -3.63976741e-03  1.17138179e-03  6.86972961e-03  3.38484813e-03
  -7.59091752e-04  7.29004806e-03 -4.64651827e-03  4.31870762e-03
   3.15070222e-03 -2.74940534e-03 -7.29059451e-04 -6.88041467e-03
   4.11856017e-05 -2.07350636e-03  7.74473650e-03 -3.68761108e-03
  -5.27941436e-03  8.77565530e-04 -6.10849541e-03 -6.22409489e-03
  -5.12259034e-03 -4.76360740e-03 -3.39747872e-03 -1.53425499e-03
  -1.94013468e-03  4.50607808e-03  5.33977058e-03 -3.54351080e-03
  -4.95645450e-03  6.09615061e-04 -3.52323288e-03  2.01866824e-05
   5.60742570e-03  3.03512160e-03 -4.22763079e-03 -1.00247760e-03
   1.42948949e-04 -6.31542318e-03  7.70564098e-03  6.49749720e-03
  -2.33042920e-05  4.57100756e-03  3.52120306e-03  6.76737214e-03
   2.85232463e-03 -7.25162402e-03 -1.91557477e-03  2.80328118e-03
  -4.47536673e-04  3.83012486e-03  2.75499886e-03  3.45779373e-03
   4.33141738e-03  4.50813258e-03 -3.90096661e-03  3.61785642e-03
   7.64629757e-03  8.49324511e-04 -6.03514351e-03 -6.70884829e-03
   2.70988885e-03  2.80302134e-03 -5.45253465e-03  1.01064747e-04
  -4.09442605e-03 -4.45704209e-03 -4.20912728e-03 -3.45727126e-03
  -7.56757008e-03 -2.85629067e-03 -3.16818687e-03 -2.48461426e-03
  -3.72176780e-03  5.25804982e-03  3.90719157e-03 -4.74365521e-03
   7.33078748e-04 -1.22843951e-03  4.36604256e-03 -2.01516785e-03
  -1.13704715e-04  7.05164997e-03  6.12843549e-04  6.56579668e-03
  -2.79350183e-03 -1.96410314e-04 -5.74837031e-04 -3.01075727e-03
  -1.68213225e-03 -5.70339896e-03  3.48556810e-03  6.86229393e-03
   7.32555520e-03  7.02455966e-03  7.06489105e-03 -6.07663766e-03
  -4.90487972e-03 -5.17277140e-03 -2.08785455e-03 -4.83006891e-03
  -1.19727652e-03 -2.94228061e-03  4.19755559e-03  4.99883248e-03
  -2.16071657e-03  6.48167636e-03  3.43932747e-03 -4.86761797e-03
   2.13791616e-03  2.74047907e-03  1.19577779e-03  7.23221153e-03
  -1.17936078e-03  4.95809969e-03  2.96516763e-03  5.07562608e-03]
 [ 1.83422363e-03  7.70069193e-03 -2.36461940e-03 -7.63634744e-04
   4.83635953e-03 -2.09343829e-03 -5.31410973e-04  1.91981657e-04
  -7.21506774e-03  9.72961891e-04  2.74431030e-03 -7.66825222e-04
  -3.67089786e-04 -7.40563730e-03 -2.19275840e-04 -1.19561190e-03
  -1.59162655e-03 -2.39442987e-03  2.72962527e-04  3.67790973e-03
  -5.93015645e-03  1.72255561e-03  4.22614906e-03 -4.09143278e-03
  -5.87272225e-03 -4.18328680e-03 -6.95441850e-03 -5.34611335e-03
   3.34614981e-03 -3.45843681e-03 -6.65917119e-04 -7.26559851e-03
   5.51677635e-03  1.30832847e-03 -2.81621469e-03 -5.39423153e-03
  -3.11757647e-03  9.39523277e-04  7.71045452e-03  4.16904641e-03
  -6.43884181e-04  5.91166178e-03  7.67996116e-03 -3.39611224e-03
   4.99228016e-03  6.75283791e-03 -3.22489039e-04 -7.78222515e-04
  -5.54701779e-04 -4.99752490e-03 -1.46709825e-03  9.38235840e-04
   7.81052932e-03 -4.60638339e-03  7.28882942e-03 -7.01565179e-04
  -2.66168127e-03 -1.66650419e-03  1.51939807e-03  7.44199008e-03
   2.73305317e-03  7.11294066e-04  1.40614843e-03 -1.06463696e-04
   5.63337980e-03 -2.24214420e-03 -5.22074895e-03  4.43089474e-03
   3.27997003e-03 -6.62803417e-03 -1.28455425e-03  7.69087719e-03
   5.36526740e-03 -1.07525673e-03  4.52507287e-03 -6.17468916e-03
   2.08413694e-03 -2.63772928e-03 -5.42352721e-03  5.69166476e-03
   7.14073703e-03  2.28144019e-03  7.37186288e-03 -3.86047177e-03
  -2.18341686e-03 -3.01390002e-03  1.98821770e-03 -3.13054863e-03
   4.11404530e-03 -5.20045962e-03 -2.05674511e-03  7.09086889e-03
   2.75904988e-03 -5.88457799e-03  5.00189234e-03  1.88747898e-03
   6.23860955e-03  4.93341731e-03  7.35214958e-03 -7.33961863e-03
   6.43349020e-03  3.17121885e-04 -9.58043966e-04 -6.34806277e-03
   7.58058345e-03 -5.41096879e-03  6.47594268e-03  5.46710240e-03
   7.49182142e-03  5.06394776e-03 -3.71786510e-03 -3.70622054e-03
   1.92347259e-04 -2.14064191e-03 -4.30124253e-03 -5.05308155e-03
   2.82093417e-03  7.53466226e-03 -2.17679539e-03  2.35752109e-03
   2.76771490e-03  6.98760757e-03  1.70662440e-03  3.70033877e-03
  -6.26499392e-03 -3.74536589e-03  3.88901914e-03 -8.90993280e-04]
 [ 5.90268243e-03 -9.62945516e-04 -6.69288961e-03  7.56289437e-03
   6.74149953e-03 -5.47658140e-03  2.42712814e-03 -5.59315598e-03
  -5.32211689e-03  1.28749246e-03 -5.01609314e-03 -5.19974902e-03
   2.74251169e-03 -3.30730283e-04  5.31940535e-03 -1.80305354e-03
   7.80764967e-03  4.97238128e-04 -1.84183358e-03 -5.35423867e-03
  -2.91831163e-03 -1.56930450e-03  5.52451191e-03 -7.35350605e-03
  -5.51794074e-04  1.17859791e-03  3.54175991e-03 -3.90347815e-03
   6.77196018e-04  1.60888233e-03  1.37890200e-03  4.10566386e-03
   4.12337761e-03 -2.35552597e-03 -4.02442703e-04  5.70848631e-03
   1.40555087e-03  2.51270685e-04 -2.64856732e-04 -5.57729788e-03
  -2.59962457e-04  3.24098719e-03  6.40018797e-03 -2.44302821e-04
   2.53151730e-03 -1.75805530e-03  5.17909415e-03  3.86204408e-03
  -6.86717965e-03  7.34241353e-03  7.65731419e-03 -3.18211946e-03
  -4.48575011e-03 -1.65459991e-03 -1.18947285e-03  7.14189233e-03
  -3.20777367e-03  7.09331920e-03 -6.16460107e-03 -4.20224201e-03
  -2.98829912e-03 -4.94732196e-03 -5.22906776e-04  4.39662719e-03
   2.34634336e-03 -5.97332278e-03 -4.39074636e-03 -6.14601932e-03
   6.47490937e-03 -1.62969017e-03 -7.42140179e-03  1.05149078e-03
  -7.26205576e-03  5.32697467e-03 -1.08910736e-03 -7.07759708e-03
   1.65191758e-03  2.71629659e-03  7.08064996e-03  1.31114456e-03
  -5.66249620e-03 -6.76660985e-03 -6.27693906e-03 -1.49492174e-03
   1.54920097e-04  7.12323328e-03  6.20845938e-03 -4.65182401e-03
  -2.68457131e-03 -6.81451103e-03 -5.15708653e-03 -9.02570551e-04
   6.58726832e-03 -3.90228769e-03 -6.75259111e-03  6.89550629e-03
   5.86484931e-03 -4.98426333e-03 -6.50747679e-04 -7.21892854e-03
  -2.18734564e-03 -4.62856935e-03 -2.28113984e-03 -3.68983066e-03
  -7.55803566e-03 -2.29471223e-03  3.20268609e-03 -4.14090836e-03
   2.44371570e-03 -4.27807868e-03 -1.10679318e-03  1.77080743e-03
   1.59622624e-03  1.65359117e-03  6.97465567e-03  1.67257931e-05
  -7.73570687e-03 -7.69844046e-03  2.42732419e-03  3.02404165e-03
  -7.69483251e-03 -4.36338084e-03 -5.57596469e-03 -3.32659483e-03
   6.12253975e-03 -4.68238723e-03 -7.57664628e-03  7.24199414e-03]]embedding: 
[[ 0.03994335  0.04682209  0.03991491 -0.03832029 -0.04242583 -0.02263901
  -0.02141204  0.02302089 -0.03332162 -0.04227592 -0.02311639  0.04855481
  -0.02329451  0.00749684  0.04396627  0.02166303 -0.00485819  0.04665631
  -0.02973772  0.02763973]
 [ 0.02016305 -0.01758573 -0.00466244 -0.04403423  0.0002623  -0.01326914
   0.0495517  -0.02359464 -0.03378842  0.00560292 -0.03908491 -0.03981458
  -0.03278349 -0.03047709 -0.02173044 -0.00980791 -0.01241308  0.02883504
   0.03416308 -0.02266816]
 [-0.03169499  0.00393016 -0.02252288  0.00010559  0.03585944  0.01940978
  -0.02706855 -0.00640133  0.0008943  -0.04044255  0.04929918  0.04161162
  -0.00016349  0.02925747  0.02256155  0.04332217  0.01825089 -0.04637913
  -0.01227733  0.01795705]]embedding: 
[[ 0.0399373   0.046815    0.03990886 -0.03831448 -0.0424194  -0.02263558
  -0.0214088   0.0230174  -0.03331656 -0.04226951 -0.02311289  0.04854745
  -0.02329098  0.00749571  0.04395961  0.02165974 -0.00485745  0.04664924
  -0.02973321  0.02763554]
 [ 0.02016534 -0.01758921 -0.00466153 -0.04403187  0.00025954 -0.01327065
   0.04955709 -0.0235951  -0.03378649  0.00561161 -0.03909088 -0.03982383
  -0.03278202 -0.03048195 -0.02173655 -0.00981576 -0.01241552  0.02883912
   0.03416676 -0.02267256]
 [-0.0317165   0.00390095 -0.02254527  0.00012918  0.03588209  0.01942183
  -0.02705274 -0.00641488  0.00091473 -0.04041258  0.04930863  0.04157768
  -0.00014912  0.02925001  0.02253228  0.04330461  0.01825211 -0.04640336
  -0.01225782  0.01793828]]